<?xml version="1.0" encoding="UTF-8"?>
<!-- Generated by org.testng.reporters.JUnitReportReporter -->
<testsuite hostname="HCLLMDU0249" failures="0" tests="1" name="Test.TC_005_SignUpScreen_TestCase" time="4.782" errors="0" timestamp="2024-12-08T13:40:45 IST" skipped="0">
  <testcase classname="Test.TC_005_SignUpScreen_TestCase" name="Signuptestcase" time="4.782"/>
  <system-out/>
</testsuite> <!-- Test.TC_005_SignUpScreen_TestCase -->
