<?xml version="1.0" encoding="UTF-8"?>
<!-- Generated by org.testng.reporters.JUnitReportReporter -->
<testsuite hostname="HCLLMDU0249" failures="0" tests="1" name="Test.TC_012_LogOut_TestCase" time="9.094" errors="0" timestamp="2024-12-13T13:42:45 IST" skipped="0">
  <testcase classname="Test.TC_012_LogOut_TestCase" name="logout" time="9.094"/>
  <system-out/>
</testsuite> <!-- Test.TC_012_LogOut_TestCase -->
